INFO     --------------------------------------------------------------------------------------------------------------------------------------
DEBUG    Starting in file [stagingFolder/netCDF/g_day_CCSM4_19820101_r10i1p1_19820101-19821231.nc]:
INFO     Standard Name [g:geopotential] confirmed
INFO     Standard Name [lat:latitude] confirmed
INFO     Standard Name [lon:longitude] confirmed
INFO     Confirmed file: [stagingFolder/netCDF/g_day_CCSM4_19820101_r10i1p1_19820101-19821231.nc]
INFO     Moved file from [stagingFolder/netCDF/g_day_CCSM4_19820101_r10i1p1_19820101-19821231.nc] to [finished/netCDF]
INFO     --------------------------------------------------------------------------------------------------------------------------------------
DEBUG    Starting in file [stagingFolder/netCDF/g_day_CCSM4_19820101_r1i1p1_19820101-19821231.nc]:
INFO     Standard Name [g:geopotential] confirmed
INFO     Standard Name [lat:latitude] confirmed
INFO     Standard Name [lon:longitude] confirmed
INFO     Confirmed file: [stagingFolder/netCDF/g_day_CCSM4_19820101_r1i1p1_19820101-19821231.nc]
INFO     Moved file from [stagingFolder/netCDF/g_day_CCSM4_19820101_r1i1p1_19820101-19821231.nc] to [finished/netCDF]
INFO     --------------------------------------------------------------------------------------------------------------------------------------
DEBUG    Starting in file [stagingFolder/netCDF/g_day_CCSM4_19820101_r2i1p1_19820101-19821231.nc]:
INFO     Standard Name [g:geopotential] confirmed
INFO     Standard Name [lat:latitude] confirmed
INFO     Standard Name [lon:longitude] confirmed
INFO     Confirmed file: [stagingFolder/netCDF/g_day_CCSM4_19820101_r2i1p1_19820101-19821231.nc]
INFO     Moved file from [stagingFolder/netCDF/g_day_CCSM4_19820101_r2i1p1_19820101-19821231.nc] to [finished/netCDF]
INFO     --------------------------------------------------------------------------------------------------------------------------------------
DEBUG    Starting in file [stagingFolder/netCDF/g_day_CCSM4_19820101_r3i1p1_19820101-19821231.nc]:
INFO     Standard Name [g:geopotential] confirmed
INFO     Standard Name [lat:latitude] confirmed
INFO     Standard Name [lon:longitude] confirmed
INFO     Confirmed file: [stagingFolder/netCDF/g_day_CCSM4_19820101_r3i1p1_19820101-19821231.nc]
INFO     Moved file from [stagingFolder/netCDF/g_day_CCSM4_19820101_r3i1p1_19820101-19821231.nc] to [finished/netCDF]
INFO     --------------------------------------------------------------------------------------------------------------------------------------
DEBUG    Starting in file [stagingFolder/netCDF/g_day_CCSM4_19820101_r4i1p1_19820101-19821231.nc]:
INFO     Standard Name [g:geopotential] confirmed
INFO     Standard Name [lat:latitude] confirmed
INFO     Standard Name [lon:longitude] confirmed
INFO     Confirmed file: [stagingFolder/netCDF/g_day_CCSM4_19820101_r4i1p1_19820101-19821231.nc]
INFO     Moved file from [stagingFolder/netCDF/g_day_CCSM4_19820101_r4i1p1_19820101-19821231.nc] to [finished/netCDF]
INFO     --------------------------------------------------------------------------------------------------------------------------------------
DEBUG    Starting in file [stagingFolder/netCDF/g_day_CCSM4_19820101_r5i1p1_19820101-19821231.nc]:
INFO     Standard Name [g:geopotential] confirmed
INFO     Standard Name [lat:latitude] confirmed
INFO     Standard Name [lon:longitude] confirmed
INFO     Confirmed file: [stagingFolder/netCDF/g_day_CCSM4_19820101_r5i1p1_19820101-19821231.nc]
INFO     Moved file from [stagingFolder/netCDF/g_day_CCSM4_19820101_r5i1p1_19820101-19821231.nc] to [finished/netCDF]
INFO     --------------------------------------------------------------------------------------------------------------------------------------
DEBUG    Starting in file [stagingFolder/netCDF/g_day_CCSM4_19820101_r6i1p1_19820101-19821231.nc]:
INFO     Standard Name [g:geopotential] confirmed
INFO     Standard Name [lat:latitude] confirmed
INFO     Standard Name [lon:longitude] confirmed
INFO     Confirmed file: [stagingFolder/netCDF/g_day_CCSM4_19820101_r6i1p1_19820101-19821231.nc]
INFO     Moved file from [stagingFolder/netCDF/g_day_CCSM4_19820101_r6i1p1_19820101-19821231.nc] to [finished/netCDF]
INFO     --------------------------------------------------------------------------------------------------------------------------------------
DEBUG    Starting in file [stagingFolder/netCDF/g_day_CCSM4_19820101_r7i1p1_19820101-19821231.nc]:
INFO     Standard Name [g:geopotential] confirmed
INFO     Standard Name [lat:latitude] confirmed
INFO     Standard Name [lon:longitude] confirmed
INFO     Confirmed file: [stagingFolder/netCDF/g_day_CCSM4_19820101_r7i1p1_19820101-19821231.nc]
INFO     Moved file from [stagingFolder/netCDF/g_day_CCSM4_19820101_r7i1p1_19820101-19821231.nc] to [finished/netCDF]
INFO     --------------------------------------------------------------------------------------------------------------------------------------
DEBUG    Starting in file [stagingFolder/netCDF/g_day_CCSM4_19820101_r8i1p1_19820101-19821231.nc]:
INFO     Standard Name [g:geopotential] confirmed
INFO     Standard Name [lat:latitude] confirmed
INFO     Standard Name [lon:longitude] confirmed
INFO     Confirmed file: [stagingFolder/netCDF/g_day_CCSM4_19820101_r8i1p1_19820101-19821231.nc]
INFO     Moved file from [stagingFolder/netCDF/g_day_CCSM4_19820101_r8i1p1_19820101-19821231.nc] to [finished/netCDF]
INFO     --------------------------------------------------------------------------------------------------------------------------------------
DEBUG    Starting in file [stagingFolder/netCDF/g_day_CCSM4_19820101_r9i1p1_19820101-19821231.nc]:
INFO     Standard Name [g:geopotential] confirmed
INFO     Standard Name [lat:latitude] confirmed
INFO     Standard Name [lon:longitude] confirmed
INFO     Confirmed file: [stagingFolder/netCDF/g_day_CCSM4_19820101_r9i1p1_19820101-19821231.nc]
INFO     Moved file from [stagingFolder/netCDF/g_day_CCSM4_19820101_r9i1p1_19820101-19821231.nc] to [finished/netCDF]
