INFO     ----------------------------------------------------------------------------------------------------
DEBUG    Starting file name: [g_day_CCSM4_19820101_r10i1p1_19820101-19821231.nc]
DEBUG    [model_id] in metadata changed from [CCSM4_0_a02] to [CCSM4]
INFO     ----------------------------------------------------------------------------------------------------
DEBUG    Starting file name: [g_day_CCSM4_19820101_r1i1p1_19820101-19821231.nc]
DEBUG    [model_id] in metadata changed from [CCSM4_0_a02] to [CCSM4]
INFO     ----------------------------------------------------------------------------------------------------
DEBUG    Starting file name: [g_day_CCSM4_19820101_r2i1p1_19820101-19821231.nc]
DEBUG    [model_id] in metadata changed from [CCSM4_0_a02] to [CCSM4]
INFO     ----------------------------------------------------------------------------------------------------
DEBUG    Starting file name: [g_day_CCSM4_19820101_r3i1p1_19820101-19821231.nc]
DEBUG    [model_id] in metadata changed from [CCSM4_0_a02] to [CCSM4]
INFO     ----------------------------------------------------------------------------------------------------
DEBUG    Starting file name: [g_day_CCSM4_19820101_r4i1p1_19820101-19821231.nc]
DEBUG    [model_id] in metadata changed from [CCSM4_0_a02] to [CCSM4]
INFO     ----------------------------------------------------------------------------------------------------
DEBUG    Starting file name: [g_day_CCSM4_19820101_r5i1p1_19820101-19821231.nc]
DEBUG    [model_id] in metadata changed from [CCSM4_0_a02] to [CCSM4]
INFO     ----------------------------------------------------------------------------------------------------
DEBUG    Starting file name: [g_day_CCSM4_19820101_r6i1p1_19820101-19821231.nc]
DEBUG    [model_id] in metadata changed from [CCSM4_0_a02] to [CCSM4]
INFO     ----------------------------------------------------------------------------------------------------
DEBUG    Starting file name: [g_day_CCSM4_19820101_r7i1p1_19820101-19821231.nc]
DEBUG    [model_id] in metadata changed from [CCSM4_0_a02] to [CCSM4]
INFO     ----------------------------------------------------------------------------------------------------
DEBUG    Starting file name: [g_day_CCSM4_19820101_r8i1p1_19820101-19821231.nc]
DEBUG    [model_id] in metadata changed from [CCSM4_0_a02] to [CCSM4]
INFO     ----------------------------------------------------------------------------------------------------
DEBUG    Starting file name: [g_day_CCSM4_19820101_r9i1p1_19820101-19821231.nc]
DEBUG    [model_id] in metadata changed from [CCSM4_0_a02] to [CCSM4]
INFO     ----------------------------------------------------------------------------------------------------
DEBUG    Starting file name: [hc_day_CCSM4_19820101_r10i1p1_19820101-19821231.nc]
DEBUG    Variable [plev] changed to [plev]
DEBUG    Folder [UM-RSMAS/CCSM4/19820101/day/atmos/hc] renamed to [UM-RSMAS/CCSM4/19820101/day/atmos/plev]
DEBUG    [model_id] in metadata changed from [CCSM4_0_a02] to [CCSM4]
DEBUG    File Name [hc_day_CCSM4_19820101_r10i1p1_19820101-19821231.nc] does not match created File Name [plev_day_CCSM4_19820101_r10i1p1_19820101-19821231.nc]
DEBUG    File Name [hc_day_CCSM4_19820101_r10i1p1_19820101-19821231.nc] renamed to [plev_day_CCSM4_19820101_r10i1p1_19820101-19821231.nc]
INFO     ----------------------------------------------------------------------------------------------------
DEBUG    Starting file name: [hc_day_CCSM4_19820101_r1i1p1_19820101-19821231.nc]
DEBUG    Variable [plev] changed to [plev]
DEBUG    Folder [UM-RSMAS/CCSM4/19820101/day/atmos/hc] renamed to [UM-RSMAS/CCSM4/19820101/day/atmos/plev]
DEBUG    [model_id] in metadata changed from [CCSM4_0_a02] to [CCSM4]
DEBUG    File Name [hc_day_CCSM4_19820101_r1i1p1_19820101-19821231.nc] does not match created File Name [plev_day_CCSM4_19820101_r1i1p1_19820101-19821231.nc]
DEBUG    File Name [hc_day_CCSM4_19820101_r1i1p1_19820101-19821231.nc] renamed to [plev_day_CCSM4_19820101_r1i1p1_19820101-19821231.nc]
INFO     ----------------------------------------------------------------------------------------------------
DEBUG    Starting file name: [hc_day_CCSM4_19820101_r2i1p1_19820101-19821231.nc]
DEBUG    Variable [plev] changed to [plev]
DEBUG    Folder [UM-RSMAS/CCSM4/19820101/day/atmos/hc] renamed to [UM-RSMAS/CCSM4/19820101/day/atmos/plev]
DEBUG    [model_id] in metadata changed from [CCSM4_0_a02] to [CCSM4]
DEBUG    File Name [hc_day_CCSM4_19820101_r2i1p1_19820101-19821231.nc] does not match created File Name [plev_day_CCSM4_19820101_r2i1p1_19820101-19821231.nc]
DEBUG    File Name [hc_day_CCSM4_19820101_r2i1p1_19820101-19821231.nc] renamed to [plev_day_CCSM4_19820101_r2i1p1_19820101-19821231.nc]
INFO     ----------------------------------------------------------------------------------------------------
DEBUG    Starting file name: [hc_day_CCSM4_19820101_r3i1p1_19820101-19821231.nc]
DEBUG    Variable [plev] changed to [plev]
DEBUG    Folder [UM-RSMAS/CCSM4/19820101/day/atmos/hc] renamed to [UM-RSMAS/CCSM4/19820101/day/atmos/plev]
DEBUG    [model_id] in metadata changed from [CCSM4_0_a02] to [CCSM4]
DEBUG    File Name [hc_day_CCSM4_19820101_r3i1p1_19820101-19821231.nc] does not match created File Name [plev_day_CCSM4_19820101_r3i1p1_19820101-19821231.nc]
DEBUG    File Name [hc_day_CCSM4_19820101_r3i1p1_19820101-19821231.nc] renamed to [plev_day_CCSM4_19820101_r3i1p1_19820101-19821231.nc]
INFO     ----------------------------------------------------------------------------------------------------
DEBUG    Starting file name: [hc_day_CCSM4_19820101_r4i1p1_19820101-19821231.nc]
DEBUG    Variable [plev] changed to [plev]
DEBUG    Folder [UM-RSMAS/CCSM4/19820101/day/atmos/hc] renamed to [UM-RSMAS/CCSM4/19820101/day/atmos/plev]
DEBUG    [model_id] in metadata changed from [CCSM4_0_a02] to [CCSM4]
DEBUG    File Name [hc_day_CCSM4_19820101_r4i1p1_19820101-19821231.nc] does not match created File Name [plev_day_CCSM4_19820101_r4i1p1_19820101-19821231.nc]
DEBUG    File Name [hc_day_CCSM4_19820101_r4i1p1_19820101-19821231.nc] renamed to [plev_day_CCSM4_19820101_r4i1p1_19820101-19821231.nc]
INFO     ----------------------------------------------------------------------------------------------------
DEBUG    Starting file name: [hc_day_CCSM4_19820101_r5i1p1_19820101-19821231.nc]
DEBUG    Variable [plev] changed to [plev]
DEBUG    Folder [UM-RSMAS/CCSM4/19820101/day/atmos/hc] renamed to [UM-RSMAS/CCSM4/19820101/day/atmos/plev]
DEBUG    [model_id] in metadata changed from [CCSM4_0_a02] to [CCSM4]
DEBUG    File Name [hc_day_CCSM4_19820101_r5i1p1_19820101-19821231.nc] does not match created File Name [plev_day_CCSM4_19820101_r5i1p1_19820101-19821231.nc]
DEBUG    File Name [hc_day_CCSM4_19820101_r5i1p1_19820101-19821231.nc] renamed to [plev_day_CCSM4_19820101_r5i1p1_19820101-19821231.nc]
INFO     ----------------------------------------------------------------------------------------------------
DEBUG    Starting file name: [hc_day_CCSM4_19820101_r6i1p1_19820101-19821231.nc]
DEBUG    Variable [plev] changed to [plev]
DEBUG    Folder [UM-RSMAS/CCSM4/19820101/day/atmos/hc] renamed to [UM-RSMAS/CCSM4/19820101/day/atmos/plev]
DEBUG    [model_id] in metadata changed from [CCSM4_0_a02] to [CCSM4]
DEBUG    File Name [hc_day_CCSM4_19820101_r6i1p1_19820101-19821231.nc] does not match created File Name [plev_day_CCSM4_19820101_r6i1p1_19820101-19821231.nc]
DEBUG    File Name [hc_day_CCSM4_19820101_r6i1p1_19820101-19821231.nc] renamed to [plev_day_CCSM4_19820101_r6i1p1_19820101-19821231.nc]
INFO     ----------------------------------------------------------------------------------------------------
DEBUG    Starting file name: [hc_day_CCSM4_19820101_r7i1p1_19820101-19821231.nc]
DEBUG    Variable [plev] changed to [plev]
DEBUG    Folder [UM-RSMAS/CCSM4/19820101/day/atmos/hc] renamed to [UM-RSMAS/CCSM4/19820101/day/atmos/plev]
DEBUG    [model_id] in metadata changed from [CCSM4_0_a02] to [CCSM4]
DEBUG    File Name [hc_day_CCSM4_19820101_r7i1p1_19820101-19821231.nc] does not match created File Name [plev_day_CCSM4_19820101_r7i1p1_19820101-19821231.nc]
DEBUG    File Name [hc_day_CCSM4_19820101_r7i1p1_19820101-19821231.nc] renamed to [plev_day_CCSM4_19820101_r7i1p1_19820101-19821231.nc]
INFO     ----------------------------------------------------------------------------------------------------
DEBUG    Starting file name: [hc_day_CCSM4_19820101_r8i1p1_19820101-19821231.nc]
DEBUG    Variable [plev] changed to [plev]
DEBUG    Folder [UM-RSMAS/CCSM4/19820101/day/atmos/hc] renamed to [UM-RSMAS/CCSM4/19820101/day/atmos/plev]
DEBUG    [model_id] in metadata changed from [CCSM4_0_a02] to [CCSM4]
DEBUG    File Name [hc_day_CCSM4_19820101_r8i1p1_19820101-19821231.nc] does not match created File Name [plev_day_CCSM4_19820101_r8i1p1_19820101-19821231.nc]
DEBUG    File Name [hc_day_CCSM4_19820101_r8i1p1_19820101-19821231.nc] renamed to [plev_day_CCSM4_19820101_r8i1p1_19820101-19821231.nc]
INFO     ----------------------------------------------------------------------------------------------------
DEBUG    Starting file name: [hc_day_CCSM4_19820101_r9i1p1_19820101-19821231.nc]
DEBUG    Variable [plev] changed to [plev]
DEBUG    Folder [UM-RSMAS/CCSM4/19820101/day/atmos/hc] renamed to [UM-RSMAS/CCSM4/19820101/day/atmos/plev]
DEBUG    [model_id] in metadata changed from [CCSM4_0_a02] to [CCSM4]
DEBUG    File Name [hc_day_CCSM4_19820101_r9i1p1_19820101-19821231.nc] does not match created File Name [plev_day_CCSM4_19820101_r9i1p1_19820101-19821231.nc]
DEBUG    File Name [hc_day_CCSM4_19820101_r9i1p1_19820101-19821231.nc] renamed to [plev_day_CCSM4_19820101_r9i1p1_19820101-19821231.nc]
INFO     ----------------------------------------------------------------------------------------------------
DEBUG    Starting file name: [hflsd_day_CCSM4_19820101_r10i1p1_19820101-19821231.nc]
DEBUG    [model_id] in metadata changed from [CCSM4_0_a02] to [CCSM4]
INFO     ----------------------------------------------------------------------------------------------------
DEBUG    Starting file name: [hflsd_day_CCSM4_19820101_r1i1p1_19820101-19821231.nc]
DEBUG    [model_id] in metadata changed from [CCSM4_0_a02] to [CCSM4]
INFO     ----------------------------------------------------------------------------------------------------
DEBUG    Starting file name: [hflsd_day_CCSM4_19820101_r2i1p1_19820101-19821231.nc]
DEBUG    [model_id] in metadata changed from [CCSM4_0_a02] to [CCSM4]
INFO     ----------------------------------------------------------------------------------------------------
DEBUG    Starting file name: [hflsd_day_CCSM4_19820101_r3i1p1_19820101-19821231.nc]
DEBUG    [model_id] in metadata changed from [CCSM4_0_a02] to [CCSM4]
INFO     ----------------------------------------------------------------------------------------------------
DEBUG    Starting file name: [hflsd_day_CCSM4_19820101_r4i1p1_19820101-19821231.nc]
DEBUG    [model_id] in metadata changed from [CCSM4_0_a02] to [CCSM4]
INFO     ----------------------------------------------------------------------------------------------------
DEBUG    Starting file name: [hflsd_day_CCSM4_19820101_r5i1p1_19820101-19821231.nc]
DEBUG    [model_id] in metadata changed from [CCSM4_0_a02] to [CCSM4]
INFO     ----------------------------------------------------------------------------------------------------
DEBUG    Starting file name: [hflsd_day_CCSM4_19820101_r6i1p1_19820101-19821231.nc]
DEBUG    [model_id] in metadata changed from [CCSM4_0_a02] to [CCSM4]
INFO     ----------------------------------------------------------------------------------------------------
DEBUG    Starting file name: [hflsd_day_CCSM4_19820101_r7i1p1_19820101-19821231.nc]
DEBUG    [model_id] in metadata changed from [CCSM4_0_a02] to [CCSM4]
INFO     ----------------------------------------------------------------------------------------------------
DEBUG    Starting file name: [hflsd_day_CCSM4_19820101_r8i1p1_19820101-19821231.nc]
DEBUG    [model_id] in metadata changed from [CCSM4_0_a02] to [CCSM4]
INFO     ----------------------------------------------------------------------------------------------------
DEBUG    Starting file name: [hflsd_day_CCSM4_19820101_r9i1p1_19820101-19821231.nc]
DEBUG    [model_id] in metadata changed from [CCSM4_0_a02] to [CCSM4]
INFO     ----------------------------------------------------------------------------------------------------
DEBUG    Starting file name: [hus_day_CCSM4_19820101_r10i1p1_19820101-19821231.nc]
DEBUG    [model_id] in metadata changed from [CCSM4_0_a02] to [CCSM4]
INFO     ----------------------------------------------------------------------------------------------------
DEBUG    Starting file name: [hus_day_CCSM4_19820101_r1i1p1_19820101-19821231.nc]
DEBUG    [model_id] in metadata changed from [CCSM4_0_a02] to [CCSM4]
INFO     ----------------------------------------------------------------------------------------------------
DEBUG    Starting file name: [hus_day_CCSM4_19820101_r2i1p1_19820101-19821231.nc]
DEBUG    [model_id] in metadata changed from [CCSM4_0_a02] to [CCSM4]
INFO     ----------------------------------------------------------------------------------------------------
DEBUG    Starting file name: [hus_day_CCSM4_19820101_r3i1p1_19820101-19821231.nc]
DEBUG    [model_id] in metadata changed from [CCSM4_0_a02] to [CCSM4]
INFO     ----------------------------------------------------------------------------------------------------
DEBUG    Starting file name: [hus_day_CCSM4_19820101_r4i1p1_19820101-19821231.nc]
DEBUG    [model_id] in metadata changed from [CCSM4_0_a02] to [CCSM4]
INFO     ----------------------------------------------------------------------------------------------------
DEBUG    Starting file name: [hus_day_CCSM4_19820101_r5i1p1_19820101-19821231.nc]
DEBUG    [model_id] in metadata changed from [CCSM4_0_a02] to [CCSM4]
INFO     ----------------------------------------------------------------------------------------------------
DEBUG    Starting file name: [hus_day_CCSM4_19820101_r6i1p1_19820101-19821231.nc]
DEBUG    [model_id] in metadata changed from [CCSM4_0_a02] to [CCSM4]
INFO     ----------------------------------------------------------------------------------------------------
DEBUG    Starting file name: [hus_day_CCSM4_19820101_r7i1p1_19820101-19821231.nc]
DEBUG    [model_id] in metadata changed from [CCSM4_0_a02] to [CCSM4]
INFO     ----------------------------------------------------------------------------------------------------
DEBUG    Starting file name: [hus_day_CCSM4_19820101_r9i1p1_19820101-19821231.nc]
DEBUG    [model_id] in metadata changed from [CCSM4_0_a02] to [CCSM4]
INFO     ----------------------------------------------------------------------------------------------------
DEBUG    Starting file name: [mrsov_day_CCSM4_19820101_r10i1p1_19820101-19821231.nc]
DEBUG    [model_id] in metadata changed from [CCSM4_0_a02] to [CCSM4]
INFO     ----------------------------------------------------------------------------------------------------
DEBUG    Starting file name: [mrsov_day_CCSM4_19820101_r1i1p1_19820101-19821231.nc]
DEBUG    [model_id] in metadata changed from [CCSM4_0_a02] to [CCSM4]
INFO     ----------------------------------------------------------------------------------------------------
DEBUG    Starting file name: [mrsov_day_CCSM4_19820101_r2i1p1_19820101-19821231.nc]
DEBUG    [model_id] in metadata changed from [CCSM4_0_a02] to [CCSM4]
INFO     ----------------------------------------------------------------------------------------------------
DEBUG    Starting file name: [mrsov_day_CCSM4_19820101_r3i1p1_19820101-19821231.nc]
DEBUG    [model_id] in metadata changed from [CCSM4_0_a02] to [CCSM4]
INFO     ----------------------------------------------------------------------------------------------------
DEBUG    Starting file name: [mrsov_day_CCSM4_19820101_r4i1p1_19820101-19821231.nc]
DEBUG    [model_id] in metadata changed from [CCSM4_0_a02] to [CCSM4]
INFO     ----------------------------------------------------------------------------------------------------
DEBUG    Starting file name: [mrsov_day_CCSM4_19820101_r5i1p1_19820101-19821231.nc]
DEBUG    [model_id] in metadata changed from [CCSM4_0_a02] to [CCSM4]
INFO     ----------------------------------------------------------------------------------------------------
DEBUG    Starting file name: [mrsov_day_CCSM4_19820101_r6i1p1_19820101-19821231.nc]
DEBUG    [model_id] in metadata changed from [CCSM4_0_a02] to [CCSM4]
INFO     ----------------------------------------------------------------------------------------------------
DEBUG    Starting file name: [mrsov_day_CCSM4_19820101_r7i1p1_19820101-19821231.nc]
DEBUG    [model_id] in metadata changed from [CCSM4_0_a02] to [CCSM4]
INFO     ----------------------------------------------------------------------------------------------------
DEBUG    Starting file name: [mrsov_day_CCSM4_19820101_r8i1p1_19820101-19821231.nc]
DEBUG    [model_id] in metadata changed from [CCSM4_0_a02] to [CCSM4]
INFO     ----------------------------------------------------------------------------------------------------
DEBUG    Starting file name: [mrsov_day_CCSM4_19820101_r9i1p1_19820101-19821231.nc]
DEBUG    [model_id] in metadata changed from [CCSM4_0_a02] to [CCSM4]
INFO     ----------------------------------------------------------------------------------------------------
DEBUG    Starting file name: [precc_day_CCSM4_19820101_r10i1p1_19820101-19821231.nc]
DEBUG    [model_id] in metadata changed from [CCSM4_0_a02] to [CCSM4]
INFO     ----------------------------------------------------------------------------------------------------
DEBUG    Starting file name: [precc_day_CCSM4_19820101_r1i1p1_19820101-19821231.nc]
DEBUG    [model_id] in metadata changed from [CCSM4_0_a02] to [CCSM4]
INFO     ----------------------------------------------------------------------------------------------------
DEBUG    Starting file name: [precc_day_CCSM4_19820101_r2i1p1_19820101-19821231.nc]
DEBUG    [model_id] in metadata changed from [CCSM4_0_a02] to [CCSM4]
INFO     ----------------------------------------------------------------------------------------------------
DEBUG    Starting file name: [precc_day_CCSM4_19820101_r3i1p1_19820101-19821231.nc]
DEBUG    [model_id] in metadata changed from [CCSM4_0_a02] to [CCSM4]
INFO     ----------------------------------------------------------------------------------------------------
DEBUG    Starting file name: [precc_day_CCSM4_19820101_r4i1p1_19820101-19821231.nc]
DEBUG    [model_id] in metadata changed from [CCSM4_0_a02] to [CCSM4]
INFO     ----------------------------------------------------------------------------------------------------
DEBUG    Starting file name: [precc_day_CCSM4_19820101_r5i1p1_19820101-19821231.nc]
DEBUG    [model_id] in metadata changed from [CCSM4_0_a02] to [CCSM4]
INFO     ----------------------------------------------------------------------------------------------------
DEBUG    Starting file name: [precc_day_CCSM4_19820101_r6i1p1_19820101-19821231.nc]
DEBUG    [model_id] in metadata changed from [CCSM4_0_a02] to [CCSM4]
INFO     ----------------------------------------------------------------------------------------------------
DEBUG    Starting file name: [precc_day_CCSM4_19820101_r7i1p1_19820101-19821231.nc]
DEBUG    [model_id] in metadata changed from [CCSM4_0_a02] to [CCSM4]
INFO     ----------------------------------------------------------------------------------------------------
DEBUG    Starting file name: [precc_day_CCSM4_19820101_r8i1p1_19820101-19821231.nc]
DEBUG    [model_id] in metadata changed from [CCSM4_0_a02] to [CCSM4]
INFO     ----------------------------------------------------------------------------------------------------
DEBUG    Starting file name: [precc_day_CCSM4_19820101_r9i1p1_19820101-19821231.nc]
DEBUG    [model_id] in metadata changed from [CCSM4_0_a02] to [CCSM4]
INFO     ----------------------------------------------------------------------------------------------------
DEBUG    Starting file name: [precl_day_CCSM4_19820101_r10i1p1_19820101-19821231.nc]
DEBUG    [model_id] in metadata changed from [CCSM4_0_a02] to [CCSM4]
INFO     ----------------------------------------------------------------------------------------------------
DEBUG    Starting file name: [precl_day_CCSM4_19820101_r1i1p1_19820101-19821231.nc]
DEBUG    [model_id] in metadata changed from [CCSM4_0_a02] to [CCSM4]
INFO     ----------------------------------------------------------------------------------------------------
DEBUG    Starting file name: [precl_day_CCSM4_19820101_r2i1p1_19820101-19821231.nc]
DEBUG    [model_id] in metadata changed from [CCSM4_0_a02] to [CCSM4]
INFO     ----------------------------------------------------------------------------------------------------
DEBUG    Starting file name: [precl_day_CCSM4_19820101_r3i1p1_19820101-19821231.nc]
DEBUG    [model_id] in metadata changed from [CCSM4_0_a02] to [CCSM4]
INFO     ----------------------------------------------------------------------------------------------------
DEBUG    Starting file name: [precl_day_CCSM4_19820101_r4i1p1_19820101-19821231.nc]
DEBUG    [model_id] in metadata changed from [CCSM4_0_a02] to [CCSM4]
INFO     ----------------------------------------------------------------------------------------------------
DEBUG    Starting file name: [precl_day_CCSM4_19820101_r5i1p1_19820101-19821231.nc]
DEBUG    [model_id] in metadata changed from [CCSM4_0_a02] to [CCSM4]
INFO     ----------------------------------------------------------------------------------------------------
DEBUG    Starting file name: [precl_day_CCSM4_19820101_r6i1p1_19820101-19821231.nc]
DEBUG    [model_id] in metadata changed from [CCSM4_0_a02] to [CCSM4]
INFO     ----------------------------------------------------------------------------------------------------
DEBUG    Starting file name: [precl_day_CCSM4_19820101_r7i1p1_19820101-19821231.nc]
DEBUG    [model_id] in metadata changed from [CCSM4_0_a02] to [CCSM4]
INFO     ----------------------------------------------------------------------------------------------------
DEBUG    Starting file name: [precl_day_CCSM4_19820101_r8i1p1_19820101-19821231.nc]
DEBUG    [model_id] in metadata changed from [CCSM4_0_a02] to [CCSM4]
INFO     ----------------------------------------------------------------------------------------------------
DEBUG    Starting file name: [precl_day_CCSM4_19820101_r9i1p1_19820101-19821231.nc]
DEBUG    [model_id] in metadata changed from [CCSM4_0_a02] to [CCSM4]
INFO     ----------------------------------------------------------------------------------------------------
DEBUG    Starting file name: [psl_day_CCSM4_19820101_r10i1p1_19820101-19821231.nc]
DEBUG    [model_id] in metadata changed from [CCSM4_0_a02] to [CCSM4]
INFO     ----------------------------------------------------------------------------------------------------
DEBUG    Starting file name: [psl_day_CCSM4_19820101_r1i1p1_19820101-19821231.nc]
DEBUG    [model_id] in metadata changed from [CCSM4_0_a02] to [CCSM4]
INFO     ----------------------------------------------------------------------------------------------------
DEBUG    Starting file name: [psl_day_CCSM4_19820101_r2i1p1_19820101-19821231.nc]
DEBUG    [model_id] in metadata changed from [CCSM4_0_a02] to [CCSM4]
INFO     ----------------------------------------------------------------------------------------------------
DEBUG    Starting file name: [psl_day_CCSM4_19820101_r3i1p1_19820101-19821231.nc]
DEBUG    [model_id] in metadata changed from [CCSM4_0_a02] to [CCSM4]
INFO     ----------------------------------------------------------------------------------------------------
DEBUG    Starting file name: [psl_day_CCSM4_19820101_r4i1p1_19820101-19821231.nc]
DEBUG    [model_id] in metadata changed from [CCSM4_0_a02] to [CCSM4]
INFO     ----------------------------------------------------------------------------------------------------
DEBUG    Starting file name: [psl_day_CCSM4_19820101_r5i1p1_19820101-19821231.nc]
DEBUG    [model_id] in metadata changed from [CCSM4_0_a02] to [CCSM4]
INFO     ----------------------------------------------------------------------------------------------------
DEBUG    Starting file name: [psl_day_CCSM4_19820101_r6i1p1_19820101-19821231.nc]
DEBUG    [model_id] in metadata changed from [CCSM4_0_a02] to [CCSM4]
INFO     ----------------------------------------------------------------------------------------------------
DEBUG    Starting file name: [psl_day_CCSM4_19820101_r7i1p1_19820101-19821231.nc]
DEBUG    [model_id] in metadata changed from [CCSM4_0_a02] to [CCSM4]
INFO     ----------------------------------------------------------------------------------------------------
DEBUG    Starting file name: [psl_day_CCSM4_19820101_r8i1p1_19820101-19821231.nc]
DEBUG    [model_id] in metadata changed from [CCSM4_0_a02] to [CCSM4]
INFO     ----------------------------------------------------------------------------------------------------
DEBUG    Starting file name: [psl_day_CCSM4_19820101_r9i1p1_19820101-19821231.nc]
DEBUG    [model_id] in metadata changed from [CCSM4_0_a02] to [CCSM4]
INFO     ----------------------------------------------------------------------------------------------------
DEBUG    Starting file name: [rls_day_CCSM4_19820101_r10i1p1_19820101-19821231.nc]
DEBUG    [model_id] in metadata changed from [CCSM4_0_a02] to [CCSM4]
INFO     ----------------------------------------------------------------------------------------------------
DEBUG    Starting file name: [rls_day_CCSM4_19820101_r1i1p1_19820101-19821231.nc]
DEBUG    [model_id] in metadata changed from [CCSM4_0_a02] to [CCSM4]
INFO     ----------------------------------------------------------------------------------------------------
DEBUG    Starting file name: [rls_day_CCSM4_19820101_r2i1p1_19820101-19821231.nc]
DEBUG    [model_id] in metadata changed from [CCSM4_0_a02] to [CCSM4]
INFO     ----------------------------------------------------------------------------------------------------
DEBUG    Starting file name: [rls_day_CCSM4_19820101_r3i1p1_19820101-19821231.nc]
DEBUG    [model_id] in metadata changed from [CCSM4_0_a02] to [CCSM4]
INFO     ----------------------------------------------------------------------------------------------------
DEBUG    Starting file name: [rls_day_CCSM4_19820101_r4i1p1_19820101-19821231.nc]
DEBUG    [model_id] in metadata changed from [CCSM4_0_a02] to [CCSM4]
INFO     ----------------------------------------------------------------------------------------------------
DEBUG    Starting file name: [rls_day_CCSM4_19820101_r5i1p1_19820101-19821231.nc]
DEBUG    [model_id] in metadata changed from [CCSM4_0_a02] to [CCSM4]
INFO     ----------------------------------------------------------------------------------------------------
DEBUG    Starting file name: [rls_day_CCSM4_19820101_r6i1p1_19820101-19821231.nc]
DEBUG    [model_id] in metadata changed from [CCSM4_0_a02] to [CCSM4]
INFO     ----------------------------------------------------------------------------------------------------
DEBUG    Starting file name: [rls_day_CCSM4_19820101_r7i1p1_19820101-19821231.nc]
DEBUG    [model_id] in metadata changed from [CCSM4_0_a02] to [CCSM4]
INFO     ----------------------------------------------------------------------------------------------------
DEBUG    Starting file name: [rls_day_CCSM4_19820101_r8i1p1_19820101-19821231.nc]
DEBUG    [model_id] in metadata changed from [CCSM4_0_a02] to [CCSM4]
INFO     ----------------------------------------------------------------------------------------------------
DEBUG    Starting file name: [rls_day_CCSM4_19820101_r9i1p1_19820101-19821231.nc]
DEBUG    [model_id] in metadata changed from [CCSM4_0_a02] to [CCSM4]
INFO     ----------------------------------------------------------------------------------------------------
DEBUG    Starting file name: [rlt_day_CCSM4_19820101_r10i1p1_19820101-19821231.nc]
DEBUG    [model_id] in metadata changed from [CCSM4_0_a02] to [CCSM4]
INFO     ----------------------------------------------------------------------------------------------------
DEBUG    Starting file name: [rlt_day_CCSM4_19820101_r1i1p1_19820101-19821231.nc]
DEBUG    [model_id] in metadata changed from [CCSM4_0_a02] to [CCSM4]
INFO     ----------------------------------------------------------------------------------------------------
DEBUG    Starting file name: [rlt_day_CCSM4_19820101_r2i1p1_19820101-19821231.nc]
DEBUG    [model_id] in metadata changed from [CCSM4_0_a02] to [CCSM4]
INFO     ----------------------------------------------------------------------------------------------------
DEBUG    Starting file name: [rlt_day_CCSM4_19820101_r3i1p1_19820101-19821231.nc]
DEBUG    [model_id] in metadata changed from [CCSM4_0_a02] to [CCSM4]
INFO     ----------------------------------------------------------------------------------------------------
DEBUG    Starting file name: [rlt_day_CCSM4_19820101_r4i1p1_19820101-19821231.nc]
DEBUG    [model_id] in metadata changed from [CCSM4_0_a02] to [CCSM4]
INFO     ----------------------------------------------------------------------------------------------------
DEBUG    Starting file name: [rlt_day_CCSM4_19820101_r5i1p1_19820101-19821231.nc]
DEBUG    [model_id] in metadata changed from [CCSM4_0_a02] to [CCSM4]
INFO     ----------------------------------------------------------------------------------------------------
DEBUG    Starting file name: [rlt_day_CCSM4_19820101_r6i1p1_19820101-19821231.nc]
DEBUG    [model_id] in metadata changed from [CCSM4_0_a02] to [CCSM4]
INFO     ----------------------------------------------------------------------------------------------------
DEBUG    Starting file name: [rlt_day_CCSM4_19820101_r7i1p1_19820101-19821231.nc]
DEBUG    [model_id] in metadata changed from [CCSM4_0_a02] to [CCSM4]
INFO     ----------------------------------------------------------------------------------------------------
DEBUG    Starting file name: [rlt_day_CCSM4_19820101_r8i1p1_19820101-19821231.nc]
DEBUG    [model_id] in metadata changed from [CCSM4_0_a02] to [CCSM4]
INFO     ----------------------------------------------------------------------------------------------------
DEBUG    Starting file name: [rlt_day_CCSM4_19820101_r9i1p1_19820101-19821231.nc]
DEBUG    [model_id] in metadata changed from [CCSM4_0_a02] to [CCSM4]
INFO     ----------------------------------------------------------------------------------------------------
DEBUG    Starting file name: [rss_day_CCSM4_19820101_r10i1p1_19820101-19821231.nc]
DEBUG    [model_id] in metadata changed from [CCSM4_0_a02] to [CCSM4]
INFO     ----------------------------------------------------------------------------------------------------
DEBUG    Starting file name: [rss_day_CCSM4_19820101_r1i1p1_19820101-19821231.nc]
DEBUG    [model_id] in metadata changed from [CCSM4_0_a02] to [CCSM4]
INFO     ----------------------------------------------------------------------------------------------------
DEBUG    Starting file name: [rss_day_CCSM4_19820101_r2i1p1_19820101-19821231.nc]
DEBUG    [model_id] in metadata changed from [CCSM4_0_a02] to [CCSM4]
INFO     ----------------------------------------------------------------------------------------------------
DEBUG    Starting file name: [rss_day_CCSM4_19820101_r3i1p1_19820101-19821231.nc]
DEBUG    [model_id] in metadata changed from [CCSM4_0_a02] to [CCSM4]
INFO     ----------------------------------------------------------------------------------------------------
DEBUG    Starting file name: [rss_day_CCSM4_19820101_r4i1p1_19820101-19821231.nc]
DEBUG    [model_id] in metadata changed from [CCSM4_0_a02] to [CCSM4]
INFO     ----------------------------------------------------------------------------------------------------
DEBUG    Starting file name: [rss_day_CCSM4_19820101_r5i1p1_19820101-19821231.nc]
DEBUG    [model_id] in metadata changed from [CCSM4_0_a02] to [CCSM4]
INFO     ----------------------------------------------------------------------------------------------------
DEBUG    Starting file name: [rss_day_CCSM4_19820101_r6i1p1_19820101-19821231.nc]
DEBUG    [model_id] in metadata changed from [CCSM4_0_a02] to [CCSM4]
INFO     ----------------------------------------------------------------------------------------------------
DEBUG    Starting file name: [rss_day_CCSM4_19820101_r7i1p1_19820101-19821231.nc]
DEBUG    [model_id] in metadata changed from [CCSM4_0_a02] to [CCSM4]
INFO     ----------------------------------------------------------------------------------------------------
DEBUG    Starting file name: [rss_day_CCSM4_19820101_r8i1p1_19820101-19821231.nc]
DEBUG    [model_id] in metadata changed from [CCSM4_0_a02] to [CCSM4]
INFO     ----------------------------------------------------------------------------------------------------
DEBUG    Starting file name: [rss_day_CCSM4_19820101_r9i1p1_19820101-19821231.nc]
DEBUG    [model_id] in metadata changed from [CCSM4_0_a02] to [CCSM4]
INFO     ----------------------------------------------------------------------------------------------------
DEBUG    Starting file name: [rst_day_CCSM4_19820101_r10i1p1_19820101-19821231.nc]
DEBUG    [model_id] in metadata changed from [CCSM4_0_a02] to [CCSM4]
INFO     ----------------------------------------------------------------------------------------------------
DEBUG    Starting file name: [rst_day_CCSM4_19820101_r1i1p1_19820101-19821231.nc]
DEBUG    [model_id] in metadata changed from [CCSM4_0_a02] to [CCSM4]
INFO     ----------------------------------------------------------------------------------------------------
DEBUG    Starting file name: [rst_day_CCSM4_19820101_r2i1p1_19820101-19821231.nc]
DEBUG    [model_id] in metadata changed from [CCSM4_0_a02] to [CCSM4]
INFO     ----------------------------------------------------------------------------------------------------
DEBUG    Starting file name: [rst_day_CCSM4_19820101_r3i1p1_19820101-19821231.nc]
DEBUG    [model_id] in metadata changed from [CCSM4_0_a02] to [CCSM4]
INFO     ----------------------------------------------------------------------------------------------------
DEBUG    Starting file name: [rst_day_CCSM4_19820101_r4i1p1_19820101-19821231.nc]
DEBUG    [model_id] in metadata changed from [CCSM4_0_a02] to [CCSM4]
INFO     ----------------------------------------------------------------------------------------------------
DEBUG    Starting file name: [rst_day_CCSM4_19820101_r5i1p1_19820101-19821231.nc]
DEBUG    [model_id] in metadata changed from [CCSM4_0_a02] to [CCSM4]
INFO     ----------------------------------------------------------------------------------------------------
DEBUG    Starting file name: [rst_day_CCSM4_19820101_r6i1p1_19820101-19821231.nc]
DEBUG    [model_id] in metadata changed from [CCSM4_0_a02] to [CCSM4]
INFO     ----------------------------------------------------------------------------------------------------
DEBUG    Starting file name: [rst_day_CCSM4_19820101_r7i1p1_19820101-19821231.nc]
DEBUG    [model_id] in metadata changed from [CCSM4_0_a02] to [CCSM4]
INFO     ----------------------------------------------------------------------------------------------------
DEBUG    Starting file name: [rst_day_CCSM4_19820101_r8i1p1_19820101-19821231.nc]
DEBUG    [model_id] in metadata changed from [CCSM4_0_a02] to [CCSM4]
INFO     ----------------------------------------------------------------------------------------------------
DEBUG    Starting file name: [rst_day_CCSM4_19820101_r9i1p1_19820101-19821231.nc]
DEBUG    [model_id] in metadata changed from [CCSM4_0_a02] to [CCSM4]
INFO     ----------------------------------------------------------------------------------------------------
DEBUG    Starting file name: [runoff_day_CCSM4_19820101_r10i1p1_19820101-19821231.nc]
DEBUG    Variable [runoff] not recognized
DEBUG    [model_id] in metadata changed from [CCSM4_0_a02] to [CCSM4]
INFO     ----------------------------------------------------------------------------------------------------
DEBUG    Starting file name: [runoff_day_CCSM4_19820101_r1i1p1_19820101-19821231.nc]
DEBUG    Variable [runoff] not recognized
DEBUG    [model_id] in metadata changed from [CCSM4_0_a02] to [CCSM4]
INFO     ----------------------------------------------------------------------------------------------------
DEBUG    Starting file name: [runoff_day_CCSM4_19820101_r2i1p1_19820101-19821231.nc]
DEBUG    Variable [runoff] not recognized
DEBUG    [model_id] in metadata changed from [CCSM4_0_a02] to [CCSM4]
INFO     ----------------------------------------------------------------------------------------------------
DEBUG    Starting file name: [runoff_day_CCSM4_19820101_r3i1p1_19820101-19821231.nc]
DEBUG    Variable [runoff] not recognized
DEBUG    [model_id] in metadata changed from [CCSM4_0_a02] to [CCSM4]
INFO     ----------------------------------------------------------------------------------------------------
DEBUG    Starting file name: [runoff_day_CCSM4_19820101_r4i1p1_19820101-19821231.nc]
DEBUG    Variable [runoff] not recognized
DEBUG    [model_id] in metadata changed from [CCSM4_0_a02] to [CCSM4]
INFO     ----------------------------------------------------------------------------------------------------
DEBUG    Starting file name: [runoff_day_CCSM4_19820101_r5i1p1_19820101-19821231.nc]
DEBUG    Variable [runoff] not recognized
DEBUG    [model_id] in metadata changed from [CCSM4_0_a02] to [CCSM4]
INFO     ----------------------------------------------------------------------------------------------------
DEBUG    Starting file name: [runoff_day_CCSM4_19820101_r6i1p1_19820101-19821231.nc]
DEBUG    Variable [runoff] not recognized
DEBUG    [model_id] in metadata changed from [CCSM4_0_a02] to [CCSM4]
INFO     ----------------------------------------------------------------------------------------------------
DEBUG    Starting file name: [runoff_day_CCSM4_19820101_r7i1p1_19820101-19821231.nc]
DEBUG    Variable [runoff] not recognized
DEBUG    [model_id] in metadata changed from [CCSM4_0_a02] to [CCSM4]
INFO     ----------------------------------------------------------------------------------------------------
DEBUG    Starting file name: [runoff_day_CCSM4_19820101_r8i1p1_19820101-19821231.nc]
DEBUG    Variable [runoff] not recognized
DEBUG    [model_id] in metadata changed from [CCSM4_0_a02] to [CCSM4]
INFO     ----------------------------------------------------------------------------------------------------
DEBUG    Starting file name: [runoff_day_CCSM4_19820101_r9i1p1_19820101-19821231.nc]
DEBUG    Variable [runoff] not recognized
DEBUG    [model_id] in metadata changed from [CCSM4_0_a02] to [CCSM4]
INFO     ----------------------------------------------------------------------------------------------------
DEBUG    Starting file name: [stx_day_CCSM4_19820101_r10i1p1_19820101-19821231.nc]
DEBUG    [model_id] in metadata changed from [CCSM4_0_a02] to [CCSM4]
INFO     ----------------------------------------------------------------------------------------------------
DEBUG    Starting file name: [stx_day_CCSM4_19820101_r1i1p1_19820101-19821231.nc]
DEBUG    [model_id] in metadata changed from [CCSM4_0_a02] to [CCSM4]
INFO     ----------------------------------------------------------------------------------------------------
DEBUG    Starting file name: [stx_day_CCSM4_19820101_r2i1p1_19820101-19821231.nc]
DEBUG    [model_id] in metadata changed from [CCSM4_0_a02] to [CCSM4]
INFO     ----------------------------------------------------------------------------------------------------
DEBUG    Starting file name: [stx_day_CCSM4_19820101_r3i1p1_19820101-19821231.nc]
DEBUG    [model_id] in metadata changed from [CCSM4_0_a02] to [CCSM4]
INFO     ----------------------------------------------------------------------------------------------------
DEBUG    Starting file name: [stx_day_CCSM4_19820101_r4i1p1_19820101-19821231.nc]
DEBUG    [model_id] in metadata changed from [CCSM4_0_a02] to [CCSM4]
INFO     ----------------------------------------------------------------------------------------------------
DEBUG    Starting file name: [stx_day_CCSM4_19820101_r5i1p1_19820101-19821231.nc]
DEBUG    [model_id] in metadata changed from [CCSM4_0_a02] to [CCSM4]
INFO     ----------------------------------------------------------------------------------------------------
DEBUG    Starting file name: [stx_day_CCSM4_19820101_r6i1p1_19820101-19821231.nc]
DEBUG    [model_id] in metadata changed from [CCSM4_0_a02] to [CCSM4]
INFO     ----------------------------------------------------------------------------------------------------
DEBUG    Starting file name: [stx_day_CCSM4_19820101_r7i1p1_19820101-19821231.nc]
DEBUG    [model_id] in metadata changed from [CCSM4_0_a02] to [CCSM4]
INFO     ----------------------------------------------------------------------------------------------------
DEBUG    Starting file name: [stx_day_CCSM4_19820101_r8i1p1_19820101-19821231.nc]
DEBUG    [model_id] in metadata changed from [CCSM4_0_a02] to [CCSM4]
INFO     ----------------------------------------------------------------------------------------------------
DEBUG    Starting file name: [stx_day_CCSM4_19820101_r9i1p1_19820101-19821231.nc]
DEBUG    [model_id] in metadata changed from [CCSM4_0_a02] to [CCSM4]
INFO     ----------------------------------------------------------------------------------------------------
DEBUG    Starting file name: [sty_day_CCSM4_19820101_r10i1p1_19820101-19821231.nc]
DEBUG    [model_id] in metadata changed from [CCSM4_0_a02] to [CCSM4]
INFO     ----------------------------------------------------------------------------------------------------
DEBUG    Starting file name: [sty_day_CCSM4_19820101_r1i1p1_19820101-19821231.nc]
DEBUG    [model_id] in metadata changed from [CCSM4_0_a02] to [CCSM4]
INFO     ----------------------------------------------------------------------------------------------------
DEBUG    Starting file name: [sty_day_CCSM4_19820101_r2i1p1_19820101-19821231.nc]
DEBUG    [model_id] in metadata changed from [CCSM4_0_a02] to [CCSM4]
INFO     ----------------------------------------------------------------------------------------------------
DEBUG    Starting file name: [sty_day_CCSM4_19820101_r3i1p1_19820101-19821231.nc]
DEBUG    [model_id] in metadata changed from [CCSM4_0_a02] to [CCSM4]
INFO     ----------------------------------------------------------------------------------------------------
DEBUG    Starting file name: [sty_day_CCSM4_19820101_r4i1p1_19820101-19821231.nc]
DEBUG    [model_id] in metadata changed from [CCSM4_0_a02] to [CCSM4]
INFO     ----------------------------------------------------------------------------------------------------
DEBUG    Starting file name: [sty_day_CCSM4_19820101_r5i1p1_19820101-19821231.nc]
DEBUG    [model_id] in metadata changed from [CCSM4_0_a02] to [CCSM4]
INFO     ----------------------------------------------------------------------------------------------------
DEBUG    Starting file name: [sty_day_CCSM4_19820101_r6i1p1_19820101-19821231.nc]
DEBUG    [model_id] in metadata changed from [CCSM4_0_a02] to [CCSM4]
INFO     ----------------------------------------------------------------------------------------------------
DEBUG    Starting file name: [sty_day_CCSM4_19820101_r7i1p1_19820101-19821231.nc]
DEBUG    [model_id] in metadata changed from [CCSM4_0_a02] to [CCSM4]
INFO     ----------------------------------------------------------------------------------------------------
DEBUG    Starting file name: [sty_day_CCSM4_19820101_r8i1p1_19820101-19821231.nc]
DEBUG    [model_id] in metadata changed from [CCSM4_0_a02] to [CCSM4]
INFO     ----------------------------------------------------------------------------------------------------
DEBUG    Starting file name: [sty_day_CCSM4_19820101_r9i1p1_19820101-19821231.nc]
DEBUG    [model_id] in metadata changed from [CCSM4_0_a02] to [CCSM4]
